<?xml version="1.0" encoding="UTF-8"?>
<testng-results ignored="0" total="1" passed="1" failed="0" skipped="0">
  <reporter-output>
  </reporter-output>
  <suite started-at="2022-09-05T13:30:59 IST" name="Default suite" finished-at="2022-09-05T13:31:02 IST" duration-ms="2148">
    <groups>
    </groups>
    <test started-at="2022-09-05T13:30:59 IST" name="Default test" finished-at="2022-09-05T13:31:02 IST" duration-ms="2148">
      <class name="StaticAndDynamic.Validation.StaticValidation">
        <test-method signature="staticResponse()[pri:0, instance:StaticAndDynamic.Validation.StaticValidation@49049a04]" started-at="2022-09-05T13:30:59 IST" name="staticResponse" finished-at="2022-09-05T13:31:02 IST" duration-ms="2115" status="PASS">
          <reporter-output>
          </reporter-output>
        </test-method> <!-- staticResponse -->
      </class> <!-- StaticAndDynamic.Validation.StaticValidation -->
    </test> <!-- Default test -->
  </suite> <!-- Default suite -->
</testng-results>
